[debug] [2022-02-11T09:29:14.248Z] ----------------------------------------------------------------------
[debug] [2022-02-11T09:29:14.249Z] Command:       /usr/local/bin/node /Users/jatintolwani/.npm-global/bin/firebase init
[debug] [2022-02-11T09:29:14.250Z] CLI Version:   10.2.0
[debug] [2022-02-11T09:29:14.250Z] Platform:      darwin
[debug] [2022-02-11T09:29:14.250Z] Node Version:  v16.13.0
[debug] [2022-02-11T09:29:14.252Z] Time:          Fri Feb 11 2022 14:59:14 GMT+0530 (India Standard Time)
[debug] [2022-02-11T09:29:14.252Z] ----------------------------------------------------------------------
[debug] 
[debug] [2022-02-11T09:29:14.264Z] > command requires scopes: ["email","openid","https://www.googleapis.com/auth/cloudplatformprojects.readonly","https://www.googleapis.com/auth/firebase","https://www.googleapis.com/auth/cloud-platform"]
[debug] [2022-02-11T09:29:14.266Z] > authorizing via signed-in user (easytobuy4@gmail.com)
[info] 
     ######## #### ########  ######## ########     ###     ######  ########
     ##        ##  ##     ## ##       ##     ##  ##   ##  ##       ##
     ######    ##  ########  ######   ########  #########  ######  ######
     ##        ##  ##    ##  ##       ##     ## ##     ##       ## ##
     ##       #### ##     ## ######## ########  ##     ##  ######  ########

You're about to initialize a Firebase project in this directory:

  /Users/jatintolwani/reactjs/quote_generator

[info] 
=== Project Setup
[info] 
[info] First, let's associate this project directory with a Firebase project.
[info] You can create multiple project aliases by running firebase use --add, 
[info] but for now we'll just set up a default project.
[info] 
[debug] [2022-02-11T09:29:24.062Z] > refreshing access token with scopes: []
[debug] [2022-02-11T09:29:24.067Z] >>> HTTP REQUEST POST https://www.googleapis.com/oauth2/v3/token  
 <request body omitted>
[debug] [2022-02-11T09:29:24.344Z] <<< HTTP RESPONSE 400 {"expires":"Mon, 01 Jan 1990 00:00:00 GMT","cache-control":"no-cache, no-store, max-age=0, must-revalidate","pragma":"no-cache","date":"Fri, 11 Feb 2022 09:29:24 GMT","content-type":"application/json; charset=utf-8","vary":"X-Origin, Referer, Origin,Accept-Encoding","server":"scaffolding on HTTPServer2","x-xss-protection":"0","x-frame-options":"SAMEORIGIN","x-content-type-options":"nosniff","alt-svc":"h3=\":443\"; ma=2592000,h3-29=\":443\"; ma=2592000,h3-Q050=\":443\"; ma=2592000,h3-Q046=\":443\"; ma=2592000,h3-Q043=\":443\"; ma=2592000,quic=\":443\"; ma=2592000; v=\"46,43\"","accept-ranges":"none","transfer-encoding":"chunked"}
[debug] [2022-02-11T09:29:24.355Z] >>> [apiv2][query] GET https://firebase.googleapis.com/v1beta1/availableProjects pageSize=100
[debug] [2022-02-11T09:29:24.701Z] <<< [apiv2][status] GET https://firebase.googleapis.com/v1beta1/availableProjects 401
[debug] [2022-02-11T09:29:24.702Z] <<< [apiv2][body] GET https://firebase.googleapis.com/v1beta1/availableProjects [omitted]
[debug] [2022-02-11T09:29:24.703Z] HTTP Error: 401, Request had invalid authentication credentials. Expected OAuth 2 access token, login cookie or other valid authentication credential. See https://developers.google.com/identity/sign-in/web/devconsole-project.
[debug] [2022-02-11T09:29:24.956Z] FirebaseError: HTTP Error: 401, Request had invalid authentication credentials. Expected OAuth 2 access token, login cookie or other valid authentication credential. See https://developers.google.com/identity/sign-in/web/devconsole-project.
    at module.exports (/Users/jatintolwani/.npm-global/lib/node_modules/firebase-tools/lib/responseToError.js:38:12)
    at RetryOperation._fn (/Users/jatintolwani/.npm-global/lib/node_modules/firebase-tools/lib/apiv2.js:283:39)
    at processTicksAndRejections (node:internal/process/task_queues:96:5)
[error] 
[error] Error: Failed to list available Google Cloud Platform projects. See firebase-debug.log for more info.
[debug] [2022-02-11T09:29:29.140Z] ----------------------------------------------------------------------
[debug] [2022-02-11T09:29:29.141Z] Command:       /usr/local/bin/node /Users/jatintolwani/.npm-global/bin/firebase init
[debug] [2022-02-11T09:29:29.142Z] CLI Version:   10.2.0
[debug] [2022-02-11T09:29:29.142Z] Platform:      darwin
[debug] [2022-02-11T09:29:29.142Z] Node Version:  v16.13.0
[debug] [2022-02-11T09:29:29.143Z] Time:          Fri Feb 11 2022 14:59:29 GMT+0530 (India Standard Time)
[debug] [2022-02-11T09:29:29.144Z] ----------------------------------------------------------------------
[debug] 
[debug] [2022-02-11T09:29:29.155Z] > command requires scopes: ["email","openid","https://www.googleapis.com/auth/cloudplatformprojects.readonly","https://www.googleapis.com/auth/firebase","https://www.googleapis.com/auth/cloud-platform"]
[debug] [2022-02-11T09:29:29.158Z] > authorizing via signed-in user (easytobuy4@gmail.com)
[info] 
     ######## #### ########  ######## ########     ###     ######  ########
     ##        ##  ##     ## ##       ##     ##  ##   ##  ##       ##
     ######    ##  ########  ######   ########  #########  ######  ######
     ##        ##  ##    ##  ##       ##     ## ##     ##       ## ##
     ##       #### ##     ## ######## ########  ##     ##  ######  ########

You're about to initialize a Firebase project in this directory:

  /Users/jatintolwani/reactjs/quote_generator

[info] 
=== Project Setup
[info] 
[info] First, let's associate this project directory with a Firebase project.
[info] You can create multiple project aliases by running firebase use --add, 
[info] but for now we'll just set up a default project.
[info] 
[debug] [2022-02-11T09:29:34.232Z] > refreshing access token with scopes: []
[debug] [2022-02-11T09:29:34.234Z] >>> HTTP REQUEST POST https://www.googleapis.com/oauth2/v3/token  
 <request body omitted>
[debug] [2022-02-11T09:29:34.495Z] <<< HTTP RESPONSE 400 {"date":"Fri, 11 Feb 2022 09:29:34 GMT","expires":"Mon, 01 Jan 1990 00:00:00 GMT","cache-control":"no-cache, no-store, max-age=0, must-revalidate","pragma":"no-cache","content-type":"application/json; charset=utf-8","vary":"X-Origin, Referer, Origin,Accept-Encoding","server":"scaffolding on HTTPServer2","x-xss-protection":"0","x-frame-options":"SAMEORIGIN","x-content-type-options":"nosniff","alt-svc":"h3=\":443\"; ma=2592000,h3-29=\":443\"; ma=2592000,h3-Q050=\":443\"; ma=2592000,h3-Q046=\":443\"; ma=2592000,h3-Q043=\":443\"; ma=2592000,quic=\":443\"; ma=2592000; v=\"46,43\"","accept-ranges":"none","transfer-encoding":"chunked"}
[debug] [2022-02-11T09:29:34.502Z] >>> [apiv2][query] GET https://firebase.googleapis.com/v1beta1/projects pageSize=100
[debug] [2022-02-11T09:29:34.811Z] <<< [apiv2][status] GET https://firebase.googleapis.com/v1beta1/projects 401
[debug] [2022-02-11T09:29:34.812Z] <<< [apiv2][body] GET https://firebase.googleapis.com/v1beta1/projects [omitted]
[debug] [2022-02-11T09:29:34.813Z] HTTP Error: 401, Request had invalid authentication credentials. Expected OAuth 2 access token, login cookie or other valid authentication credential. See https://developers.google.com/identity/sign-in/web/devconsole-project.
[debug] [2022-02-11T09:29:35.073Z] FirebaseError: HTTP Error: 401, Request had invalid authentication credentials. Expected OAuth 2 access token, login cookie or other valid authentication credential. See https://developers.google.com/identity/sign-in/web/devconsole-project.
    at module.exports (/Users/jatintolwani/.npm-global/lib/node_modules/firebase-tools/lib/responseToError.js:38:12)
    at RetryOperation._fn (/Users/jatintolwani/.npm-global/lib/node_modules/firebase-tools/lib/apiv2.js:283:39)
    at processTicksAndRejections (node:internal/process/task_queues:96:5)
[error] 
[error] Error: Failed to list Firebase projects. See firebase-debug.log for more info.
